Arguments: 
  /Users/yuhei/.nodebrew/node/v6.9.1/bin/node /usr/local/bin/yarn

PATH: 
  /Users/yuhei/.nodebrew/current/bin:/usr/local/bin:/usr/bin:/bin:/usr/sbin:/sbin

Yarn version: 
  0.16.1

Node version: 
  6.9.1

Platform: 
  darwin x64

npm manifest: 
  {
    "name": "yuheiy.com",
    "description": "Hi, I'm Yuhei Yasuda, a front-end developer.",
    "version": "0.0.1",
    "author": "Yuhei Yasuda <yuhei.yasuda1003@gmail.com> (https://yuheiy.com/)",
    "dependencies": {
      "babel-runtime": "^6.11.6",
      "normalize.css": "^5.0.0"
    },
    "devDependencies": {
      "babel-plugin-transform-object-rest-spread": "^6.16.0",
      "babel-plugin-transform-runtime": "^6.15.0",
      "babel-preset-latest": "^6.16.0",
      "babel-register": "^6.16.3",
      "babelify": "^7.3.0",
      "browser-sync": "^2.17.0",
      "browserify": "^13.1.0",
      "del": "^2.2.2",
      "envify": "^3.4.1",
      "gulp": "github:gulpjs/gulp#4.0",
      "gulp-csso": "^2.0.0",
      "gulp-data": "^1.2.1",
      "gulp-htmlmin": "^3.0.0",
      "gulp-if": "^2.0.1",
      "gulp-optimize-js": "^1.1.0",
      "gulp-plumber": "^1.1.0",
      "gulp-postcss": "^6.2.0",
      "gulp-pug": "^3.1.0",
      "gulp-sourcemaps": "^1.6.0",
      "gulp-uglify": "^2.0.0",
      "gulp-util": "^3.0.7",
      "licensify": "^3.1.2",
      "postcss-import": "^8.1.2",
      "postcss-nested": "^1.0.0",
      "vinyl-buffer": "^1.0.0",
      "vinyl-source-stream": "^1.1.0",
      "watchify": "^3.7.0"
    },
    "homepage": "https://yuheiy.com/",
    "license": "MIT",
    "private": true,
    "repository": {
      "type": "git",
      "url": "https://github.com/yuheiy/yuheiy.com.git"
    },
    "scripts": {
      "start": "gulp",
      "build": "NODE_ENV=production gulp build",
      "predeploy": "rm -rf dist/ && git clone -b gh-pages https://github.com/yuheiy/yuheiy.com.git dist && npm run build && cd dist/ && git add -A && git commit -m 'Build'",
      "deploy": "cd dist/ && git push origin gh-pages"
    }
  }

yarn manifest: 
  No manifest

bower manifest: 
  No manifest

Lockfile: 
  No lockfile

Trace: 
  SyntaxError: /Users/yuhei/.yarn-cache/npm-character-parser-2.2.0/.yarn-metadata.json: Unexpected end of JSON input
      at Object.parse (native)
      at /usr/local/Cellar/yarn/0.16.1/libexec/lib/node_modules/yarn/lib/util/fs.js:271:57
      at next (native)
      at step (/usr/local/Cellar/yarn/0.16.1/libexec/lib/node_modules/yarn/node_modules/babel-runtime/helpers/asyncToGenerator.js:17:30)
      at /usr/local/Cellar/yarn/0.16.1/libexec/lib/node_modules/yarn/node_modules/babel-runtime/helpers/asyncToGenerator.js:28:20
